\BOOKMARK [0][-]{title.0}{Titlepage}{}% 1
\BOOKMARK [1][-]{copyright.1}{Copyright}{title.0}% 2
\BOOKMARK [1][-]{dedication.1}{Dedication}{title.0}% 3
\BOOKMARK [1][-]{acknowledgements.1}{Acknowledgements}{title.0}% 4
\BOOKMARK [0][-]{toc.0}{Table of Contents}{}% 5
\BOOKMARK [0][-]{Tables.0}{List of Tables}{}% 6
\BOOKMARK [0][-]{Figures.0}{List of Figures}{}% 7
\BOOKMARK [0][-]{Algorithms.0}{List of Algorithms}{}% 8
\BOOKMARK [1][-]{nomenclature.1}{Nomenclature}{Algorithms.0}% 9
\BOOKMARK [0][-]{abstract.0}{Abstract}{}% 10
\BOOKMARK [0][-]{chapter.1}{Chapter 1 \204 Introduction}{}% 11
\BOOKMARK [1][-]{section*.11}{Section}{chapter.1}% 12
\BOOKMARK [0][-]{chapter.2}{Chapter 2 \204 Theory}{}% 13
\BOOKMARK [1][-]{section*.14}{Equations}{chapter.2}% 14
\BOOKMARK [1][-]{section*.16}{Figures}{chapter.2}% 15
\BOOKMARK [1][-]{section*.21}{Tables}{chapter.2}% 16
\BOOKMARK [1][-]{section*.23}{Algorithms}{chapter.2}% 17
\BOOKMARK [1][-]{section*.25}{References and Citations}{chapter.2}% 18
\BOOKMARK [0][-]{chapter.3}{Chapter 3 \204 Conclusion}{}% 19
\BOOKMARK [0][-]{section*.28}{References Cited}{}% 20
\BOOKMARK [0][-]{appendix.A}{APPENDIX: \040Example Code}{}% 21
